TN:
SF:C:\Users\Diego Rugue\Desktop\mytraining-api\src\core\models\User.js
FN:1,_interopRequireDefault
FN:5,(anonymous_1)
FN:23,(anonymous_2)
FN:32,(anonymous_3)
FN:38,(anonymous_4)
FN:48,(anonymous_5)
FNF:6
FNH:6
FNDA:2,_interopRequireDefault
FNDA:2,(anonymous_1)
FNDA:4,(anonymous_2)
FNDA:4,(anonymous_3)
FNDA:9,(anonymous_4)
FNDA:1,(anonymous_5)
DA:1,2
DA:2,2
DA:6,2
DA:23,2
DA:24,4
DA:25,3
DA:27,4
DA:29,4
DA:32,2
DA:33,4
DA:35,4
DA:38,2
DA:39,9
DA:40,3
DA:41,3
DA:44,9
DA:49,1
DA:53,2
LF:18
LH:18
BRDA:1,0,0,0
BRDA:1,0,1,2
BRDA:1,1,0,2
BRDA:1,1,1,2
BRDA:24,2,0,3
BRDA:24,2,1,1
BRDA:39,3,0,3
BRDA:39,3,1,6
BRF:8
BRH:7
end_of_record
TN:
SF:C:\Users\Diego Rugue\Desktop\mytraining-api\src\core\session\controller.js
FN:1,_interopRequireDefault
FN:4,(anonymous_1)
FNF:2
FNH:2
FNDA:2,_interopRequireDefault
FNDA:4,(anonymous_1)
DA:1,2
DA:5,4
DA:7,4
DA:9,2
DA:13,2
LF:5
LH:5
BRDA:1,0,0,2
BRDA:1,0,1,0
BRDA:1,1,0,2
BRDA:1,1,1,2
BRF:4
BRH:3
end_of_record
TN:
SF:C:\Users\Diego Rugue\Desktop\mytraining-api\src\core\session\service.js
FN:1,_interopRequireDefault
FN:6,(anonymous_1)
FN:14,(anonymous_2)
FN:24,(anonymous_3)
FN:34,(anonymous_4)
FNF:5
FNH:5
FNDA:6,_interopRequireDefault
FNDA:4,(anonymous_1)
FNDA:2,(anonymous_2)
FNDA:2,(anonymous_3)
FNDA:6,(anonymous_4)
DA:1,6
DA:2,2
DA:3,2
DA:7,4
DA:11,2
DA:15,2
DA:17,2
DA:18,1
DA:21,1
DA:25,2
DA:27,2
DA:28,1
DA:31,1
DA:35,6
DA:37,6
DA:50,2
LF:16
LH:16
BRDA:1,0,0,4
BRDA:1,0,1,2
BRDA:1,1,0,6
BRDA:1,1,1,6
BRDA:7,2,0,2
BRDA:7,2,1,2
BRDA:17,3,0,1
BRDA:17,3,1,1
BRDA:17,4,0,2
BRDA:17,4,1,1
BRDA:17,4,2,1
BRDA:27,5,0,1
BRDA:27,5,1,1
BRF:13
BRH:13
end_of_record
TN:
SF:C:\Users\Diego Rugue\Desktop\mytraining-api\src\core\user\controller.js
FN:1,_interopRequireDefault
FN:4,(anonymous_1)
FNF:2
FNH:2
FNDA:2,_interopRequireDefault
FNDA:5,(anonymous_1)
DA:1,2
DA:5,5
DA:7,4
DA:11,2
LF:4
LH:4
BRDA:1,0,0,2
BRDA:1,0,1,0
BRDA:1,1,0,2
BRDA:1,1,1,2
BRF:4
BRH:3
end_of_record
TN:
SF:C:\Users\Diego Rugue\Desktop\mytraining-api\src\core\user\repository.js
FN:1,_interopRequireDefault
FN:4,(anonymous_1)
FN:10,(anonymous_2)
FN:16,(anonymous_3)
FNF:4
FNH:4
FNDA:2,_interopRequireDefault
FNDA:4,(anonymous_1)
FNDA:7,(anonymous_2)
FNDA:2,(anonymous_3)
DA:1,2
DA:5,4
DA:7,4
DA:11,7
DA:13,7
DA:17,2
DA:19,2
DA:23,2
LF:8
LH:8
BRDA:1,0,0,2
BRDA:1,0,1,0
BRDA:1,1,0,2
BRDA:1,1,1,2
BRF:4
BRH:3
end_of_record
TN:
SF:C:\Users\Diego Rugue\Desktop\mytraining-api\src\core\user\service.js
FN:1,_interopRequireDefault
FN:6,(anonymous_1)
FN:18,(anonymous_2)
FN:28,(anonymous_3)
FNF:4
FNH:4
FNDA:6,_interopRequireDefault
FNDA:5,(anonymous_1)
FNDA:1,(anonymous_2)
FNDA:5,(anonymous_3)
DA:1,6
DA:2,2
DA:3,2
DA:7,5
DA:9,4
DA:10,1
DA:13,4
DA:15,4
DA:19,1
DA:24,1
DA:25,1
DA:29,5
DA:31,5
DA:33,4
DA:37,2
LF:15
LH:15
BRDA:1,0,0,4
BRDA:1,0,1,2
BRDA:1,1,0,6
BRDA:1,1,1,6
BRDA:9,2,0,1
BRDA:9,2,1,3
BRDA:31,3,0,1
BRDA:31,3,1,4
BRF:8
BRH:8
end_of_record
